2016-11-04 05:44:22 [127.0.0.1][-][30mh842i89k0qacsa406qnq4j5][error][yii\web\HttpException:404] exception 'yii\base\InvalidRouteException' with message 'Unable to resolve the request "".' in E:\web\htdocs\yii3\advanced\vendor\yiisoft\yii2\base\Module.php:462
Stack trace:
#0 E:\web\htdocs\yii3\advanced\vendor\yiisoft\yii2\web\Application.php(100): yii\base\Module->runAction('', Array)
#1 E:\web\htdocs\yii3\advanced\vendor\yiisoft\yii2\base\Application.php(375): yii\web\Application->handleRequest(Object(yii\web\Request))
#2 E:\web\htdocs\yii3\advanced\backend\web\index.php(17): yii\base\Application->run()
#3 {main}

Next exception 'yii\web\NotFoundHttpException' with message 'Page not found.' in E:\web\htdocs\yii3\advanced\vendor\yiisoft\yii2\web\Application.php:112
Stack trace:
#0 E:\web\htdocs\yii3\advanced\vendor\yiisoft\yii2\base\Application.php(375): yii\web\Application->handleRequest(Object(yii\web\Request))
#1 E:\web\htdocs\yii3\advanced\backend\web\index.php(17): yii\base\Application->run()
#2 {main}
2016-11-04 05:44:20 [127.0.0.1][-][30mh842i89k0qacsa406qnq4j5][info][application] $_COOKIE = [
    'iweb_safecode' => 'c121ae588dMDU2MDAwNjAzOTFnMTtjamowYGU4YGdlYmIxaGMwMT0yNmU0MWFkMTxlOjg3NDIzMj0yNzFlZjU5NTc4bDhqMQ'
    'bdshare_firstime' => '1475896343094'
    'Hm_lvt_ffbcfaeeb897260864296e18c38ee12c' => '1477360864'
]

$_SESSION = [
    '__flash' => []
]

$_SERVER = [
    'UNIQUE_ID' => 'WBwgNMCoAaAAAA7gA@YAAAHs'
    'Qampp_LOG' => 'begin>IncludeFile>httpd>Directory/>dir_module>Filesmatch>fcgid_module>log_config_module>logio_module>CustomLog>mime_module>ssl_module>mpm_winnt_module>dav_svn_module>authz_svn_module>/Qsvn>/Qsvnweb>'
    'HTTP_HOST' => 'www.liuyang.com'
    'HTTP_USER_AGENT' => 'Mozilla/5.0 (Windows NT 10.0; WOW64; rv:39.0) Gecko/20100101 Firefox/39.0'
    'HTTP_ACCEPT' => 'text/html,application/xhtml+xml,application/xml;q=0.9,*/*;q=0.8'
    'HTTP_ACCEPT_LANGUAGE' => 'zh-CN,zh;q=0.8,en-US;q=0.5,en;q=0.3'
    'HTTP_ACCEPT_ENCODING' => 'gzip, deflate'
    'HTTP_REFERER' => 'http://www.liuyang.com/yii3/advanced/backend/'
    'HTTP_COOKIE' => 'iweb_safecode=c121ae588dMDU2MDAwNjAzOTFnMTtjamowYGU4YGdlYmIxaGMwMT0yNmU0MWFkMTxlOjg3NDIzMj0yNzFlZjU5NTc4bDhqMQ; bdshare_firstime=1475896343094; Hm_lvt_ffbcfaeeb897260864296e18c38ee12c=1477360864'
    'HTTP_CONNECTION' => 'keep-alive'
    'PATH' => 'C:\\Program Files (x86)\\Intel\\iCLS Client\\;C:\\Program Files\\Intel\\iCLS Client\\;C:\\windows\\system32;C:\\windows;C:\\windows\\System32\\Wbem;C:\\windows\\System32\\WindowsPowerShell\\v1.0\\;C:\\Program Files (x86)\\NVIDIA Corporation\\PhysX\\Common;C:\\Program Files (x86)\\Intel\\Intel(R) Management Engine Components\\DAL;C:\\Program Files\\Intel\\Intel(R) Management Engine Components\\DAL;C:\\Program Files (x86)\\Intel\\Intel(R) Management Engine Components\\IPT;C:\\Program Files\\Intel\\Intel(R) Management Engine Components\\IPT;C:\\Program Files\\Samsung\\SamsungLink\\AllShare Framework DMS\\bin\\;C:\\Program Files\\TortoiseSVN\\bin;E:\\web\\Data_lib\\perl\\bin;E:\\web\\apache\\bin;E:\\web\\php;E:\\web\\svnserver\\Subversion\\bin;E:\\web\\mysql\\bin;C:\\ProgramData\\ComposerSetup\\bin;E:\\Git\\cmd;C:\\Program Files\\TortoiseGit\\bin;'
    'SystemRoot' => 'C:\\windows'
    'COMSPEC' => 'C:\\windows\\system32\\cmd.exe'
    'PATHEXT' => '.COM;.EXE;.BAT;.CMD;.VBS;.VBE;.JS;.JSE;.WSF;.WSH;.MSC'
    'WINDIR' => 'C:\\windows'
    'SERVER_SIGNATURE' => '<address>Apache/2.4.23 (Win64) mod_fcgid/2.3.9 OpenSSL/1.0.2h PHP/5.5.38 SVN/1.9.4 Server at www.liuyang.com Port 80</address>
'
    'SERVER_SOFTWARE' => 'Apache/2.4.23 (Win64) mod_fcgid/2.3.9 OpenSSL/1.0.2h PHP/5.5.38 SVN/1.9.4'
    'SERVER_NAME' => 'www.liuyang.com'
    'SERVER_ADDR' => '127.0.0.1'
    'SERVER_PORT' => '80'
    'REMOTE_ADDR' => '127.0.0.1'
    'DOCUMENT_ROOT' => 'E:/web/htdocs'
    'REQUEST_SCHEME' => 'http'
    'CONTEXT_PREFIX' => ''
    'CONTEXT_DOCUMENT_ROOT' => 'E:/web/htdocs'
    'SERVER_ADMIN' => 'user@email.com'
    'SCRIPT_FILENAME' => 'E:/web/htdocs/yii3/advanced/backend/web/index.php'
    'REMOTE_PORT' => '55248'
    'GATEWAY_INTERFACE' => 'CGI/1.1'
    'SERVER_PROTOCOL' => 'HTTP/1.1'
    'REQUEST_METHOD' => 'GET'
    'QUERY_STRING' => ''
    'REQUEST_URI' => '/yii3/advanced/backend/web/'
    'SCRIPT_NAME' => '/yii3/advanced/backend/web/index.php'
    'PHP_SELF' => '/yii3/advanced/backend/web/index.php'
    'REQUEST_TIME_FLOAT' => 1478238260.251
    'REQUEST_TIME' => 1478238260
]
